{"/Users/neriman/Scheduler/src/components/Application.js": {"path":"/Users/neriman/Scheduler/src/components/Application.js","statementMap":{"0":{"start":{"line":22,"column":6},"end":{"line":22,"column":26}},"1":{"start":{"line":24,"column":23},"end":{"line":24,"column":62}},"2":{"start":{"line":26,"column":23},"end":{"line":39,"column":3}},"3":{"start":{"line":28,"column":6},"end":{"line":37,"column":8}},"4":{"start":{"line":41,"column":2},"end":{"line":64,"column":4}}},"fnMap":{"0":{"name":"Application","decl":{"start":{"line":16,"column":24},"end":{"line":16,"column":35}},"loc":{"start":{"line":16,"column":43},"end":{"line":65,"column":1}},"line":16},"1":{"name":"(anonymous_1)","decl":{"start":{"line":27,"column":4},"end":{"line":27,"column":5}},"loc":{"start":{"line":27,"column":19},"end":{"line":38,"column":5}},"line":27}},"branchMap":{},"s":{"0":6,"1":6,"2":6,"3":8,"4":6},"f":{"0":6,"1":8},"b":{},"_coverageSchema":"43e27e138ebf9cfc5966b082cf9a028302ed4184","hash":"7248c270304ea33e0f07a07f0059fe944459e9a3"}
,"/Users/neriman/Scheduler/src/components/Button.js": {"path":"/Users/neriman/Scheduler/src/components/Button.js","statementMap":{"0":{"start":{"line":8,"column":22},"end":{"line":11,"column":4}},"1":{"start":{"line":13,"column":2},"end":{"line":21,"column":4}}},"fnMap":{"0":{"name":"Button","decl":{"start":{"line":7,"column":24},"end":{"line":7,"column":30}},"loc":{"start":{"line":7,"column":38},"end":{"line":22,"column":1}},"line":7}},"branchMap":{},"s":{"0":34,"1":34},"f":{"0":34},"b":{},"_coverageSchema":"43e27e138ebf9cfc5966b082cf9a028302ed4184","hash":"a5145283fc77350685939eaa4934c434fe38a64d"}
,"/Users/neriman/Scheduler/src/components/DayList.js": {"path":"/Users/neriman/Scheduler/src/components/DayList.js","statementMap":{"0":{"start":{"line":6,"column":15},"end":{"line":16,"column":4}},"1":{"start":{"line":7,"column":4},"end":{"line":15,"column":6}},"2":{"start":{"line":18,"column":2},"end":{"line":18,"column":25}}},"fnMap":{"0":{"name":"DayList","decl":{"start":{"line":5,"column":24},"end":{"line":5,"column":31}},"loc":{"start":{"line":5,"column":39},"end":{"line":19,"column":1}},"line":5},"1":{"name":"(anonymous_1)","decl":{"start":{"line":6,"column":30},"end":{"line":6,"column":31}},"loc":{"start":{"line":6,"column":37},"end":{"line":16,"column":3}},"line":6}},"branchMap":{},"s":{"0":6,"1":8,"2":6},"f":{"0":6,"1":8},"b":{},"_coverageSchema":"43e27e138ebf9cfc5966b082cf9a028302ed4184","hash":"fec02b4a1aaa05b7f1f0380133337000bd0b8041"}
,"/Users/neriman/Scheduler/src/components/DayListItem.js": {"path":"/Users/neriman/Scheduler/src/components/DayListItem.js","statementMap":{"0":{"start":{"line":7,"column":2},"end":{"line":7,"column":48}},"1":{"start":{"line":7,"column":20},"end":{"line":7,"column":48}},"2":{"start":{"line":8,"column":2},"end":{"line":8,"column":46}},"3":{"start":{"line":8,"column":20},"end":{"line":8,"column":46}},"4":{"start":{"line":10,"column":2},"end":{"line":10,"column":37}},"5":{"start":{"line":14,"column":19},"end":{"line":17,"column":4}},"6":{"start":{"line":19,"column":2},"end":{"line":28,"column":4}},"7":{"start":{"line":22,"column":21},"end":{"line":22,"column":45}}},"fnMap":{"0":{"name":"formatSpots","decl":{"start":{"line":6,"column":16},"end":{"line":6,"column":27}},"loc":{"start":{"line":6,"column":36},"end":{"line":11,"column":1}},"line":6},"1":{"name":"DayListItem","decl":{"start":{"line":13,"column":24},"end":{"line":13,"column":35}},"loc":{"start":{"line":13,"column":43},"end":{"line":29,"column":1}},"line":13},"2":{"name":"(anonymous_2)","decl":{"start":{"line":22,"column":15},"end":{"line":22,"column":16}},"loc":{"start":{"line":22,"column":21},"end":{"line":22,"column":45}},"line":22}},"branchMap":{"0":{"loc":{"start":{"line":7,"column":2},"end":{"line":7,"column":48}},"type":"if","locations":[{"start":{"line":7,"column":2},"end":{"line":7,"column":48}},{"start":{"line":7,"column":2},"end":{"line":7,"column":48}}],"line":7},"1":{"loc":{"start":{"line":8,"column":2},"end":{"line":8,"column":46}},"type":"if","locations":[{"start":{"line":8,"column":2},"end":{"line":8,"column":46}},{"start":{"line":8,"column":2},"end":{"line":8,"column":46}}],"line":8}},"s":{"0":8,"1":1,"2":7,"3":7,"4":0,"5":8,"6":8,"7":1},"f":{"0":8,"1":8,"2":1},"b":{"0":[1,7],"1":[7,0]},"_coverageSchema":"43e27e138ebf9cfc5966b082cf9a028302ed4184","hash":"a33bfaf93225046001c83bca6643f4901c8636ad"}
,"/Users/neriman/Scheduler/src/components/InterviewerList.js": {"path":"/Users/neriman/Scheduler/src/components/InterviewerList.js","statementMap":{"0":{"start":{"line":9,"column":23},"end":{"line":20,"column":4}},"1":{"start":{"line":10,"column":4},"end":{"line":19,"column":6}},"2":{"start":{"line":17,"column":33},"end":{"line":17,"column":63}},"3":{"start":{"line":22,"column":2},"end":{"line":27,"column":4}},"4":{"start":{"line":30,"column":0},"end":{"line":34,"column":2}}},"fnMap":{"0":{"name":"InterviewerList","decl":{"start":{"line":8,"column":9},"end":{"line":8,"column":24}},"loc":{"start":{"line":8,"column":32},"end":{"line":28,"column":1}},"line":8},"1":{"name":"(anonymous_1)","decl":{"start":{"line":9,"column":46},"end":{"line":9,"column":47}},"loc":{"start":{"line":9,"column":61},"end":{"line":20,"column":3}},"line":9},"2":{"name":"(anonymous_2)","decl":{"start":{"line":17,"column":24},"end":{"line":17,"column":25}},"loc":{"start":{"line":17,"column":33},"end":{"line":17,"column":63}},"line":17}},"branchMap":{},"s":{"0":17,"1":20,"2":1,"3":17,"4":3},"f":{"0":17,"1":20,"2":1},"b":{},"_coverageSchema":"43e27e138ebf9cfc5966b082cf9a028302ed4184","hash":"669531a2a2502a05727a1027bb288cc66841b2bf"}
,"/Users/neriman/Scheduler/src/components/InterviewerListItem.js": {"path":"/Users/neriman/Scheduler/src/components/InterviewerListItem.js","statementMap":{"0":{"start":{"line":7,"column":20},"end":{"line":9,"column":4}},"1":{"start":{"line":11,"column":2},"end":{"line":20,"column":4}}},"fnMap":{"0":{"name":"InterviewerItem","decl":{"start":{"line":6,"column":24},"end":{"line":6,"column":39}},"loc":{"start":{"line":6,"column":47},"end":{"line":21,"column":1}},"line":6}},"branchMap":{"0":{"loc":{"start":{"line":18,"column":7},"end":{"line":18,"column":35}},"type":"binary-expr","locations":[{"start":{"line":18,"column":7},"end":{"line":18,"column":21}},{"start":{"line":18,"column":25},"end":{"line":18,"column":35}}],"line":18}},"s":{"0":20,"1":20},"f":{"0":20},"b":{"0":[20,5]},"_coverageSchema":"43e27e138ebf9cfc5966b082cf9a028302ed4184","hash":"698c8f408a8ab78e5f333b16a36de578a49d2b7b"}
,"/Users/neriman/Scheduler/src/components/Appointment/Confirm.js": {"path":"/Users/neriman/Scheduler/src/components/Appointment/Confirm.js","statementMap":{"0":{"start":{"line":6,"column":2},"end":{"line":18,"column":4}}},"fnMap":{"0":{"name":"Confirm","decl":{"start":{"line":5,"column":24},"end":{"line":5,"column":31}},"loc":{"start":{"line":5,"column":39},"end":{"line":19,"column":1}},"line":5}},"branchMap":{},"s":{"0":0},"f":{"0":0},"b":{},"_coverageSchema":"43e27e138ebf9cfc5966b082cf9a028302ed4184","hash":"77e6d5123904758a6cd46d23bda780ab42b9f454"}
,"/Users/neriman/Scheduler/src/components/Appointment/Empty.js": {"path":"/Users/neriman/Scheduler/src/components/Appointment/Empty.js","statementMap":{"0":{"start":{"line":4,"column":2},"end":{"line":13,"column":4}}},"fnMap":{"0":{"name":"Empty","decl":{"start":{"line":3,"column":24},"end":{"line":3,"column":29}},"loc":{"start":{"line":3,"column":37},"end":{"line":14,"column":1}},"line":3}},"branchMap":{},"s":{"0":10},"f":{"0":10},"b":{},"_coverageSchema":"43e27e138ebf9cfc5966b082cf9a028302ed4184","hash":"2ddc2f18fa34d9000a266503969c5152ac5ca18b"}
,"/Users/neriman/Scheduler/src/components/Appointment/Error.js": {"path":"/Users/neriman/Scheduler/src/components/Appointment/Error.js","statementMap":{"0":{"start":{"line":4,"column":2},"end":{"line":17,"column":4}}},"fnMap":{"0":{"name":"Error","decl":{"start":{"line":3,"column":24},"end":{"line":3,"column":29}},"loc":{"start":{"line":3,"column":37},"end":{"line":18,"column":1}},"line":3}},"branchMap":{},"s":{"0":0},"f":{"0":0},"b":{},"_coverageSchema":"43e27e138ebf9cfc5966b082cf9a028302ed4184","hash":"f0650b826efb87cd00b31c900c768776392c4c50"}
,"/Users/neriman/Scheduler/src/components/Appointment/Form.js": {"path":"/Users/neriman/Scheduler/src/components/Appointment/Form.js","statementMap":{"0":{"start":{"line":7,"column":26},"end":{"line":7,"column":52}},"1":{"start":{"line":8,"column":40},"end":{"line":8,"column":75}},"2":{"start":{"line":9,"column":28},"end":{"line":9,"column":40}},"3":{"start":{"line":12,"column":4},"end":{"line":12,"column":16}},"4":{"start":{"line":13,"column":4},"end":{"line":13,"column":17}},"5":{"start":{"line":14,"column":4},"end":{"line":14,"column":25}},"6":{"start":{"line":18,"column":4},"end":{"line":18,"column":12}},"7":{"start":{"line":19,"column":4},"end":{"line":19,"column":21}},"8":{"start":{"line":23,"column":4},"end":{"line":26,"column":5}},"9":{"start":{"line":24,"column":6},"end":{"line":24,"column":47}},"10":{"start":{"line":25,"column":6},"end":{"line":25,"column":13}},"11":{"start":{"line":28,"column":4},"end":{"line":31,"column":5}},"12":{"start":{"line":29,"column":6},"end":{"line":29,"column":47}},"13":{"start":{"line":30,"column":6},"end":{"line":30,"column":13}},"14":{"start":{"line":33,"column":4},"end":{"line":33,"column":17}},"15":{"start":{"line":34,"column":4},"end":{"line":34,"column":36}},"16":{"start":{"line":37,"column":2},"end":{"line":71,"column":4}},"17":{"start":{"line":40,"column":52},"end":{"line":40,"column":74}},"18":{"start":{"line":48,"column":14},"end":{"line":48,"column":42}}},"fnMap":{"0":{"name":"Form","decl":{"start":{"line":6,"column":24},"end":{"line":6,"column":28}},"loc":{"start":{"line":6,"column":36},"end":{"line":72,"column":1}},"line":6},"1":{"name":"reset","decl":{"start":{"line":11,"column":11},"end":{"line":11,"column":16}},"loc":{"start":{"line":11,"column":19},"end":{"line":15,"column":3}},"line":11},"2":{"name":"cancel","decl":{"start":{"line":17,"column":11},"end":{"line":17,"column":17}},"loc":{"start":{"line":17,"column":20},"end":{"line":20,"column":3}},"line":17},"3":{"name":"validate","decl":{"start":{"line":22,"column":11},"end":{"line":22,"column":19}},"loc":{"start":{"line":22,"column":22},"end":{"line":35,"column":3}},"line":22},"4":{"name":"(anonymous_4)","decl":{"start":{"line":40,"column":43},"end":{"line":40,"column":44}},"loc":{"start":{"line":40,"column":52},"end":{"line":40,"column":74}},"line":40},"5":{"name":"(anonymous_5)","decl":{"start":{"line":47,"column":22},"end":{"line":47,"column":23}},"loc":{"start":{"line":47,"column":31},"end":{"line":49,"column":13}},"line":47}},"branchMap":{"0":{"loc":{"start":{"line":7,"column":35},"end":{"line":7,"column":51}},"type":"binary-expr","locations":[{"start":{"line":7,"column":35},"end":{"line":7,"column":45}},{"start":{"line":7,"column":49},"end":{"line":7,"column":51}}],"line":7},"1":{"loc":{"start":{"line":8,"column":49},"end":{"line":8,"column":74}},"type":"binary-expr","locations":[{"start":{"line":8,"column":49},"end":{"line":8,"column":66}},{"start":{"line":8,"column":70},"end":{"line":8,"column":74}}],"line":8},"2":{"loc":{"start":{"line":23,"column":4},"end":{"line":26,"column":5}},"type":"if","locations":[{"start":{"line":23,"column":4},"end":{"line":26,"column":5}},{"start":{"line":23,"column":4},"end":{"line":26,"column":5}}],"line":23},"3":{"loc":{"start":{"line":28,"column":4},"end":{"line":31,"column":5}},"type":"if","locations":[{"start":{"line":28,"column":4},"end":{"line":31,"column":5}},{"start":{"line":28,"column":4},"end":{"line":31,"column":5}}],"line":28}},"s":{"0":17,"1":17,"2":17,"3":1,"4":1,"5":1,"6":1,"7":1,"8":6,"9":2,"10":2,"11":4,"12":2,"13":2,"14":2,"15":2,"16":17,"17":0,"18":3},"f":{"0":17,"1":1,"2":1,"3":6,"4":0,"5":3},"b":{"0":[17,10],"1":[17,13],"2":[2,4],"3":[2,2]},"_coverageSchema":"43e27e138ebf9cfc5966b082cf9a028302ed4184","hash":"47573e50a742bd51c7b4de70ae0b96ee838f9d80"}
,"/Users/neriman/Scheduler/src/components/Appointment/Header.js": {"path":"/Users/neriman/Scheduler/src/components/Appointment/Header.js","statementMap":{"0":{"start":{"line":4,"column":2},"end":{"line":9,"column":4}}},"fnMap":{"0":{"name":"Header","decl":{"start":{"line":3,"column":24},"end":{"line":3,"column":30}},"loc":{"start":{"line":3,"column":38},"end":{"line":10,"column":1}},"line":3}},"branchMap":{},"s":{"0":18},"f":{"0":18},"b":{},"_coverageSchema":"43e27e138ebf9cfc5966b082cf9a028302ed4184","hash":"3918050502882d8dbd8c5291d75775082accac31"}
,"/Users/neriman/Scheduler/src/components/Appointment/Show.js": {"path":"/Users/neriman/Scheduler/src/components/Appointment/Show.js","statementMap":{"0":{"start":{"line":4,"column":2},"end":{"line":32,"column":4}}},"fnMap":{"0":{"name":"Show","decl":{"start":{"line":3,"column":24},"end":{"line":3,"column":28}},"loc":{"start":{"line":3,"column":36},"end":{"line":33,"column":1}},"line":3}},"branchMap":{"0":{"loc":{"start":{"line":11,"column":13},"end":{"line":11,"column":56}},"type":"binary-expr","locations":[{"start":{"line":11,"column":13},"end":{"line":11,"column":30}},{"start":{"line":11,"column":34},"end":{"line":11,"column":56}}],"line":11}},"s":{"0":5},"f":{"0":5},"b":{"0":[5,5]},"_coverageSchema":"43e27e138ebf9cfc5966b082cf9a028302ed4184","hash":"7fe66c641f406f5a60d25b66f0a8132d9dc9abb2"}
,"/Users/neriman/Scheduler/src/components/Appointment/Status.js": {"path":"/Users/neriman/Scheduler/src/components/Appointment/Status.js","statementMap":{"0":{"start":{"line":4,"column":2},"end":{"line":13,"column":4}}},"fnMap":{"0":{"name":"Status","decl":{"start":{"line":3,"column":24},"end":{"line":3,"column":30}},"loc":{"start":{"line":3,"column":38},"end":{"line":14,"column":1}},"line":3}},"branchMap":{},"s":{"0":2},"f":{"0":2},"b":{},"_coverageSchema":"43e27e138ebf9cfc5966b082cf9a028302ed4184","hash":"d72f088aa266652706607e781447decb5f9b7295"}
,"/Users/neriman/Scheduler/src/components/Appointment/index.js": {"path":"/Users/neriman/Scheduler/src/components/Appointment/index.js","statementMap":{"0":{"start":{"line":15,"column":14},"end":{"line":25,"column":1}},"1":{"start":{"line":29,"column":38},"end":{"line":29,"column":43}},"2":{"start":{"line":31,"column":37},"end":{"line":31,"column":94}},"3":{"start":{"line":34,"column":22},"end":{"line":37,"column":5}},"4":{"start":{"line":39,"column":4},"end":{"line":39,"column":29}},"5":{"start":{"line":41,"column":4},"end":{"line":44,"column":58}},"6":{"start":{"line":43,"column":18},"end":{"line":43,"column":40}},"7":{"start":{"line":44,"column":22},"end":{"line":44,"column":56}},"8":{"start":{"line":48,"column":4},"end":{"line":48,"column":37}},"9":{"start":{"line":49,"column":4},"end":{"line":52,"column":60}},"10":{"start":{"line":51,"column":18},"end":{"line":51,"column":41}},"11":{"start":{"line":52,"column":22},"end":{"line":52,"column":58}},"12":{"start":{"line":55,"column":2},"end":{"line":99,"column":4}},"13":{"start":{"line":59,"column":28},"end":{"line":59,"column":52}},"14":{"start":{"line":64,"column":26},"end":{"line":64,"column":51}},"15":{"start":{"line":65,"column":24},"end":{"line":65,"column":46}}},"fnMap":{"0":{"name":"Appointment","decl":{"start":{"line":27,"column":24},"end":{"line":27,"column":35}},"loc":{"start":{"line":27,"column":43},"end":{"line":100,"column":1}},"line":27},"1":{"name":"save","decl":{"start":{"line":33,"column":11},"end":{"line":33,"column":15}},"loc":{"start":{"line":33,"column":35},"end":{"line":45,"column":3}},"line":33},"2":{"name":"(anonymous_2)","decl":{"start":{"line":43,"column":12},"end":{"line":43,"column":13}},"loc":{"start":{"line":43,"column":18},"end":{"line":43,"column":40}},"line":43},"3":{"name":"(anonymous_3)","decl":{"start":{"line":44,"column":13},"end":{"line":44,"column":14}},"loc":{"start":{"line":44,"column":22},"end":{"line":44,"column":56}},"line":44},"4":{"name":"destroy","decl":{"start":{"line":47,"column":11},"end":{"line":47,"column":18}},"loc":{"start":{"line":47,"column":21},"end":{"line":53,"column":3}},"line":47},"5":{"name":"(anonymous_5)","decl":{"start":{"line":51,"column":12},"end":{"line":51,"column":13}},"loc":{"start":{"line":51,"column":18},"end":{"line":51,"column":41}},"line":51},"6":{"name":"(anonymous_6)","decl":{"start":{"line":52,"column":13},"end":{"line":52,"column":14}},"loc":{"start":{"line":52,"column":22},"end":{"line":52,"column":58}},"line":52},"7":{"name":"(anonymous_7)","decl":{"start":{"line":59,"column":22},"end":{"line":59,"column":23}},"loc":{"start":{"line":59,"column":28},"end":{"line":59,"column":52}},"line":59},"8":{"name":"(anonymous_8)","decl":{"start":{"line":64,"column":20},"end":{"line":64,"column":21}},"loc":{"start":{"line":64,"column":26},"end":{"line":64,"column":51}},"line":64},"9":{"name":"(anonymous_9)","decl":{"start":{"line":65,"column":18},"end":{"line":65,"column":19}},"loc":{"start":{"line":65,"column":24},"end":{"line":65,"column":46}},"line":65}},"branchMap":{"0":{"loc":{"start":{"line":31,"column":51},"end":{"line":31,"column":93}},"type":"cond-expr","locations":[{"start":{"line":31,"column":69},"end":{"line":31,"column":79}},{"start":{"line":31,"column":82},"end":{"line":31,"column":93}}],"line":31},"1":{"loc":{"start":{"line":58,"column":7},"end":{"line":60,"column":7}},"type":"binary-expr","locations":[{"start":{"line":58,"column":7},"end":{"line":58,"column":27}},{"start":{"line":59,"column":8},"end":{"line":59,"column":56}}],"line":58},"2":{"loc":{"start":{"line":61,"column":7},"end":{"line":67,"column":7}},"type":"binary-expr","locations":[{"start":{"line":61,"column":7},"end":{"line":61,"column":26}},{"start":{"line":62,"column":8},"end":{"line":66,"column":10}}],"line":61},"3":{"loc":{"start":{"line":69,"column":7},"end":{"line":71,"column":7}},"type":"binary-expr","locations":[{"start":{"line":69,"column":7},"end":{"line":69,"column":28}},{"start":{"line":70,"column":8},"end":{"line":70,"column":74}}],"line":69},"4":{"loc":{"start":{"line":73,"column":7},"end":{"line":81,"column":7}},"type":"binary-expr","locations":[{"start":{"line":73,"column":7},"end":{"line":73,"column":26}},{"start":{"line":74,"column":8},"end":{"line":80,"column":10}}],"line":73},"5":{"loc":{"start":{"line":82,"column":7},"end":{"line":82,"column":59}},"type":"binary-expr","locations":[{"start":{"line":82,"column":7},"end":{"line":82,"column":28}},{"start":{"line":82,"column":32},"end":{"line":82,"column":59}}],"line":82},"6":{"loc":{"start":{"line":83,"column":7},"end":{"line":83,"column":63}},"type":"binary-expr","locations":[{"start":{"line":83,"column":7},"end":{"line":83,"column":30}},{"start":{"line":83,"column":34},"end":{"line":83,"column":63}}],"line":83},"7":{"loc":{"start":{"line":84,"column":7},"end":{"line":90,"column":7}},"type":"binary-expr","locations":[{"start":{"line":84,"column":7},"end":{"line":84,"column":29}},{"start":{"line":85,"column":8},"end":{"line":89,"column":10}}],"line":84},"8":{"loc":{"start":{"line":91,"column":7},"end":{"line":93,"column":7}},"type":"binary-expr","locations":[{"start":{"line":91,"column":7},"end":{"line":91,"column":32}},{"start":{"line":92,"column":8},"end":{"line":92,"column":70}}],"line":91},"9":{"loc":{"start":{"line":94,"column":7},"end":{"line":96,"column":7}},"type":"binary-expr","locations":[{"start":{"line":94,"column":7},"end":{"line":94,"column":34}},{"start":{"line":95,"column":8},"end":{"line":95,"column":72}}],"line":94}},"s":{"0":2,"1":18,"2":18,"3":1,"4":1,"5":1,"6":1,"7":0,"8":0,"9":0,"10":0,"11":0,"12":18,"13":1,"14":0,"15":0},"f":{"0":18,"1":1,"2":1,"3":0,"4":0,"5":0,"6":0,"7":1,"8":0,"9":0},"b":{"0":[6,12],"1":[18,10],"2":[18,5],"3":[18,1],"4":[18,0],"5":[18,2],"6":[18,0],"7":[18,0],"8":[18,0],"9":[18,0]},"_coverageSchema":"43e27e138ebf9cfc5966b082cf9a028302ed4184","hash":"8e5c990533d8839f81a4effbbeea6ed1b9d9ce1a"}
,"/Users/neriman/Scheduler/src/helpers/selectors.js": {"path":"/Users/neriman/Scheduler/src/helpers/selectors.js","statementMap":{"0":{"start":{"line":2,"column":16},"end":{"line":2,"column":52}},"1":{"start":{"line":2,"column":37},"end":{"line":2,"column":51}},"2":{"start":{"line":4,"column":2},"end":{"line":4,"column":64}},"3":{"start":{"line":4,"column":54},"end":{"line":4,"column":64}},"4":{"start":{"line":6,"column":2},"end":{"line":6,"column":62}},"5":{"start":{"line":6,"column":38},"end":{"line":6,"column":60}},"6":{"start":{"line":10,"column":16},"end":{"line":10,"column":52}},"7":{"start":{"line":10,"column":37},"end":{"line":10,"column":51}},"8":{"start":{"line":12,"column":2},"end":{"line":12,"column":64}},"9":{"start":{"line":12,"column":54},"end":{"line":12,"column":64}},"10":{"start":{"line":14,"column":2},"end":{"line":14,"column":62}},"11":{"start":{"line":14,"column":38},"end":{"line":14,"column":60}},"12":{"start":{"line":18,"column":2},"end":{"line":23,"column":4}}},"fnMap":{"0":{"name":"getAppointmentsForDay","decl":{"start":{"line":1,"column":16},"end":{"line":1,"column":37}},"loc":{"start":{"line":1,"column":50},"end":{"line":7,"column":1}},"line":1},"1":{"name":"(anonymous_1)","decl":{"start":{"line":2,"column":32},"end":{"line":2,"column":33}},"loc":{"start":{"line":2,"column":37},"end":{"line":2,"column":51}},"line":2},"2":{"name":"(anonymous_2)","decl":{"start":{"line":6,"column":32},"end":{"line":6,"column":33}},"loc":{"start":{"line":6,"column":38},"end":{"line":6,"column":60}},"line":6},"3":{"name":"getInterviewersForDay","decl":{"start":{"line":9,"column":16},"end":{"line":9,"column":37}},"loc":{"start":{"line":9,"column":50},"end":{"line":15,"column":1}},"line":9},"4":{"name":"(anonymous_4)","decl":{"start":{"line":10,"column":32},"end":{"line":10,"column":33}},"loc":{"start":{"line":10,"column":37},"end":{"line":10,"column":51}},"line":10},"5":{"name":"(anonymous_5)","decl":{"start":{"line":14,"column":32},"end":{"line":14,"column":33}},"loc":{"start":{"line":14,"column":38},"end":{"line":14,"column":60}},"line":14},"6":{"name":"getInterview","decl":{"start":{"line":17,"column":16},"end":{"line":17,"column":28}},"loc":{"start":{"line":17,"column":47},"end":{"line":24,"column":1}},"line":17}},"branchMap":{"0":{"loc":{"start":{"line":4,"column":2},"end":{"line":4,"column":64}},"type":"if","locations":[{"start":{"line":4,"column":2},"end":{"line":4,"column":64}},{"start":{"line":4,"column":2},"end":{"line":4,"column":64}}],"line":4},"1":{"loc":{"start":{"line":4,"column":6},"end":{"line":4,"column":52}},"type":"binary-expr","locations":[{"start":{"line":4,"column":6},"end":{"line":4,"column":29}},{"start":{"line":4,"column":33},"end":{"line":4,"column":52}}],"line":4},"2":{"loc":{"start":{"line":12,"column":2},"end":{"line":12,"column":64}},"type":"if","locations":[{"start":{"line":12,"column":2},"end":{"line":12,"column":64}},{"start":{"line":12,"column":2},"end":{"line":12,"column":64}}],"line":12},"3":{"loc":{"start":{"line":12,"column":6},"end":{"line":12,"column":52}},"type":"binary-expr","locations":[{"start":{"line":12,"column":6},"end":{"line":12,"column":29}},{"start":{"line":12,"column":33},"end":{"line":12,"column":52}}],"line":12},"4":{"loc":{"start":{"line":19,"column":4},"end":{"line":22,"column":5}},"type":"binary-expr","locations":[{"start":{"line":19,"column":4},"end":{"line":19,"column":13}},{"start":{"line":19,"column":17},"end":{"line":22,"column":5}}],"line":19}},"s":{"0":11,"1":11,"2":11,"3":4,"4":7,"5":16,"6":11,"7":11,"8":11,"9":4,"10":7,"11":14,"12":10},"f":{"0":11,"1":11,"2":16,"3":11,"4":11,"5":14,"6":10},"b":{"0":[4,7],"1":[11,8],"2":[4,7],"3":[11,8],"4":[10,6]},"_coverageSchema":"43e27e138ebf9cfc5966b082cf9a028302ed4184","hash":"cf030882f04d53f40304fc713e49fe4ea26c0342"}
,"/Users/neriman/Scheduler/src/hooks/useApplicationData.js": {"path":"/Users/neriman/Scheduler/src/hooks/useApplicationData.js","statementMap":{"0":{"start":{"line":14,"column":28},"end":{"line":19,"column":4}},"1":{"start":{"line":21,"column":17},"end":{"line":21,"column":56}},"2":{"start":{"line":21,"column":24},"end":{"line":21,"column":56}},"3":{"start":{"line":23,"column":2},"end":{"line":37,"column":9}},"4":{"start":{"line":24,"column":4},"end":{"line":36,"column":6}},"5":{"start":{"line":30,"column":8},"end":{"line":35,"column":10}},"6":{"start":{"line":39,"column":2},"end":{"line":39,"column":30}},"7":{"start":{"line":42,"column":4},"end":{"line":48,"column":7}},"8":{"start":{"line":43,"column":6},"end":{"line":47,"column":9}},"9":{"start":{"line":52,"column":4},"end":{"line":58,"column":7}},"10":{"start":{"line":53,"column":6},"end":{"line":57,"column":9}},"11":{"start":{"line":61,"column":2},"end":{"line":66,"column":4}}},"fnMap":{"0":{"name":"useApplicationData","decl":{"start":{"line":13,"column":24},"end":{"line":13,"column":42}},"loc":{"start":{"line":13,"column":45},"end":{"line":67,"column":1}},"line":13},"1":{"name":"(anonymous_1)","decl":{"start":{"line":21,"column":17},"end":{"line":21,"column":18}},"loc":{"start":{"line":21,"column":24},"end":{"line":21,"column":56}},"line":21},"2":{"name":"(anonymous_2)","decl":{"start":{"line":23,"column":12},"end":{"line":23,"column":13}},"loc":{"start":{"line":23,"column":18},"end":{"line":37,"column":3}},"line":23},"3":{"name":"(anonymous_3)","decl":{"start":{"line":29,"column":6},"end":{"line":29,"column":7}},"loc":{"start":{"line":30,"column":8},"end":{"line":35,"column":10}},"line":30},"4":{"name":"bookInterview","decl":{"start":{"line":41,"column":11},"end":{"line":41,"column":24}},"loc":{"start":{"line":41,"column":40},"end":{"line":49,"column":3}},"line":41},"5":{"name":"(anonymous_5)","decl":{"start":{"line":42,"column":68},"end":{"line":42,"column":69}},"loc":{"start":{"line":42,"column":74},"end":{"line":48,"column":5}},"line":42},"6":{"name":"cancelInterview","decl":{"start":{"line":51,"column":11},"end":{"line":51,"column":26}},"loc":{"start":{"line":51,"column":31},"end":{"line":59,"column":3}},"line":51},"7":{"name":"(anonymous_7)","decl":{"start":{"line":52,"column":56},"end":{"line":52,"column":57}},"loc":{"start":{"line":52,"column":62},"end":{"line":58,"column":5}},"line":52}},"branchMap":{},"s":{"0":6,"1":6,"2":1,"3":6,"4":2,"5":2,"6":6,"7":1,"8":1,"9":0,"10":0,"11":6},"f":{"0":6,"1":1,"2":2,"3":2,"4":1,"5":1,"6":0,"7":0},"b":{},"_coverageSchema":"43e27e138ebf9cfc5966b082cf9a028302ed4184","hash":"0bad66cd764f01fe34e9698a4e0725af9b487f24"}
,"/Users/neriman/Scheduler/src/hooks/useRealtimeUpdate.js": {"path":"/Users/neriman/Scheduler/src/hooks/useRealtimeUpdate.js","statementMap":{"0":{"start":{"line":5,"column":2},"end":{"line":19,"column":17}},"1":{"start":{"line":6,"column":19},"end":{"line":6,"column":69}},"2":{"start":{"line":8,"column":4},"end":{"line":14,"column":6}},"3":{"start":{"line":9,"column":19},"end":{"line":9,"column":41}},"4":{"start":{"line":11,"column":6},"end":{"line":13,"column":7}},"5":{"start":{"line":12,"column":8},"end":{"line":12,"column":23}},"6":{"start":{"line":16,"column":4},"end":{"line":18,"column":6}},"7":{"start":{"line":17,"column":6},"end":{"line":17,"column":21}}},"fnMap":{"0":{"name":"useRealtimeUpdate","decl":{"start":{"line":4,"column":24},"end":{"line":4,"column":41}},"loc":{"start":{"line":4,"column":52},"end":{"line":20,"column":1}},"line":4},"1":{"name":"(anonymous_1)","decl":{"start":{"line":5,"column":12},"end":{"line":5,"column":13}},"loc":{"start":{"line":5,"column":18},"end":{"line":19,"column":3}},"line":5},"2":{"name":"(anonymous_2)","decl":{"start":{"line":8,"column":23},"end":{"line":8,"column":24}},"loc":{"start":{"line":8,"column":32},"end":{"line":14,"column":5}},"line":8},"3":{"name":"(anonymous_3)","decl":{"start":{"line":16,"column":11},"end":{"line":16,"column":12}},"loc":{"start":{"line":16,"column":17},"end":{"line":18,"column":5}},"line":16}},"branchMap":{"0":{"loc":{"start":{"line":11,"column":6},"end":{"line":13,"column":7}},"type":"if","locations":[{"start":{"line":11,"column":6},"end":{"line":13,"column":7}},{"start":{"line":11,"column":6},"end":{"line":13,"column":7}}],"line":11},"1":{"loc":{"start":{"line":11,"column":10},"end":{"line":11,"column":65}},"type":"binary-expr","locations":[{"start":{"line":11,"column":10},"end":{"line":11,"column":34}},{"start":{"line":11,"column":38},"end":{"line":11,"column":65}}],"line":11}},"s":{"0":6,"1":2,"2":2,"3":0,"4":0,"5":0,"6":2,"7":2},"f":{"0":6,"1":2,"2":0,"3":2},"b":{"0":[0,0],"1":[0,0]},"_coverageSchema":"43e27e138ebf9cfc5966b082cf9a028302ed4184","hash":"d1dbf6652e88b6dc9708aa238613672b4b10662a"}
,"/Users/neriman/Scheduler/src/hooks/useVisualMode.js": {"path":"/Users/neriman/Scheduler/src/hooks/useVisualMode.js","statementMap":{"0":{"start":{"line":5,"column":32},"end":{"line":5,"column":51}},"1":{"start":{"line":8,"column":4},"end":{"line":8,"column":99}},"2":{"start":{"line":8,"column":23},"end":{"line":8,"column":98}},"3":{"start":{"line":12,"column":4},"end":{"line":12,"column":91}},"4":{"start":{"line":12,"column":23},"end":{"line":12,"column":90}},"5":{"start":{"line":15,"column":2},"end":{"line":15,"column":64}}},"fnMap":{"0":{"name":"useVisualMode","decl":{"start":{"line":4,"column":24},"end":{"line":4,"column":37}},"loc":{"start":{"line":4,"column":47},"end":{"line":16,"column":1}},"line":4},"1":{"name":"transition","decl":{"start":{"line":7,"column":11},"end":{"line":7,"column":21}},"loc":{"start":{"line":7,"column":47},"end":{"line":9,"column":3}},"line":7},"2":{"name":"(anonymous_2)","decl":{"start":{"line":8,"column":15},"end":{"line":8,"column":16}},"loc":{"start":{"line":8,"column":23},"end":{"line":8,"column":98}},"line":8},"3":{"name":"back","decl":{"start":{"line":11,"column":11},"end":{"line":11,"column":15}},"loc":{"start":{"line":11,"column":18},"end":{"line":13,"column":3}},"line":11},"4":{"name":"(anonymous_4)","decl":{"start":{"line":12,"column":15},"end":{"line":12,"column":16}},"loc":{"start":{"line":12,"column":23},"end":{"line":12,"column":90}},"line":12}},"branchMap":{"0":{"loc":{"start":{"line":7,"column":31},"end":{"line":7,"column":46}},"type":"default-arg","locations":[{"start":{"line":7,"column":41},"end":{"line":7,"column":46}}],"line":7},"1":{"loc":{"start":{"line":8,"column":23},"end":{"line":8,"column":98}},"type":"cond-expr","locations":[{"start":{"line":8,"column":33},"end":{"line":8,"column":77}},{"start":{"line":8,"column":80},"end":{"line":8,"column":98}}],"line":8},"2":{"loc":{"start":{"line":12,"column":23},"end":{"line":12,"column":90}},"type":"cond-expr","locations":[{"start":{"line":12,"column":43},"end":{"line":12,"column":52}},{"start":{"line":12,"column":55},"end":{"line":12,"column":90}}],"line":12}},"s":{"0":32,"1":8,"2":8,"3":4,"4":4,"5":32},"f":{"0":32,"1":8,"2":8,"3":4,"4":4},"b":{"0":[7],"1":[1,7],"2":[1,3]},"_coverageSchema":"43e27e138ebf9cfc5966b082cf9a028302ed4184","hash":"9fd6b8da77353f9d175edce70ca6bcc15458fd0e"}
,"/Users/neriman/Scheduler/src/reducers/application.js": {"path":"/Users/neriman/Scheduler/src/reducers/application.js","statementMap":{"0":{"start":{"line":1,"column":23},"end":{"line":1,"column":32}},"1":{"start":{"line":2,"column":36},"end":{"line":2,"column":58}},"2":{"start":{"line":3,"column":29},"end":{"line":3,"column":44}},"3":{"start":{"line":6,"column":2},"end":{"line":53,"column":3}},"4":{"start":{"line":8,"column":6},"end":{"line":8,"column":43}},"5":{"start":{"line":10,"column":6},"end":{"line":15,"column":8}},"6":{"start":{"line":17,"column":26},"end":{"line":20,"column":7}},"7":{"start":{"line":22,"column":27},"end":{"line":25,"column":7}},"8":{"start":{"line":27,"column":29},"end":{"line":32,"column":9}},"9":{"start":{"line":28,"column":8},"end":{"line":32,"column":9}},"10":{"start":{"line":30,"column":26},"end":{"line":30,"column":72}},"11":{"start":{"line":34,"column":19},"end":{"line":41,"column":8}},"12":{"start":{"line":35,"column":8},"end":{"line":40,"column":16}},"13":{"start":{"line":43,"column":6},"end":{"line":47,"column":8}},"14":{"start":{"line":50,"column":6},"end":{"line":52,"column":8}}},"fnMap":{"0":{"name":"reducer","decl":{"start":{"line":5,"column":24},"end":{"line":5,"column":31}},"loc":{"start":{"line":5,"column":47},"end":{"line":54,"column":1}},"line":5},"1":{"name":"(anonymous_1)","decl":{"start":{"line":27,"column":29},"end":{"line":27,"column":30}},"loc":{"start":{"line":28,"column":8},"end":{"line":32,"column":9}},"line":28},"2":{"name":"(anonymous_2)","decl":{"start":{"line":30,"column":10},"end":{"line":30,"column":11}},"loc":{"start":{"line":30,"column":26},"end":{"line":30,"column":72}},"line":30},"3":{"name":"(anonymous_3)","decl":{"start":{"line":34,"column":34},"end":{"line":34,"column":35}},"loc":{"start":{"line":34,"column":41},"end":{"line":41,"column":7}},"line":34}},"branchMap":{"0":{"loc":{"start":{"line":6,"column":2},"end":{"line":53,"column":3}},"type":"switch","locations":[{"start":{"line":7,"column":4},"end":{"line":8,"column":43}},{"start":{"line":9,"column":4},"end":{"line":15,"column":8}},{"start":{"line":16,"column":4},"end":{"line":48,"column":5}},{"start":{"line":49,"column":4},"end":{"line":52,"column":8}}],"line":6},"1":{"loc":{"start":{"line":19,"column":19},"end":{"line":19,"column":62}},"type":"binary-expr","locations":[{"start":{"line":19,"column":19},"end":{"line":19,"column":35}},{"start":{"line":19,"column":39},"end":{"line":19,"column":62}}],"line":19},"2":{"loc":{"start":{"line":30,"column":26},"end":{"line":30,"column":72}},"type":"cond-expr","locations":[{"start":{"line":30,"column":55},"end":{"line":30,"column":64}},{"start":{"line":30,"column":67},"end":{"line":30,"column":72}}],"line":30},"3":{"loc":{"start":{"line":35,"column":15},"end":{"line":40,"column":15}},"type":"cond-expr","locations":[{"start":{"line":36,"column":12},"end":{"line":39,"column":13}},{"start":{"line":40,"column":12},"end":{"line":40,"column":15}}],"line":35}},"s":{"0":2,"1":2,"2":2,"3":5,"4":1,"5":2,"6":1,"7":1,"8":1,"9":1,"10":2,"11":1,"12":2,"13":1,"14":1},"f":{"0":5,"1":1,"2":2,"3":2},"b":{"0":[1,2,1,1],"1":[1,1],"2":[2,0],"3":[1,1]},"_coverageSchema":"43e27e138ebf9cfc5966b082cf9a028302ed4184","hash":"475530535f6881f14ff1f99a520e6e308c38a23c"}
}
